2025-10-15 14:42:33,689 - INFO - Logging initialized at: /home/dsilva/Midterm_Project/logs/calculator.log
2025-10-15 14:42:33,690 - ERROR - Failed to load history: 'CalculatorConfig' object has no attribute 'history_file'
2025-10-15 14:42:33,690 - WARNING - Could not load existing history: Failed to load history: 'CalculatorConfig' object has no attribute 'history_file'
2025-10-15 14:42:33,690 - INFO - Calculator initialized with configuration
2025-10-15 14:42:33,690 - INFO - Added observer: LoggingObserver
2025-10-15 14:42:33,690 - INFO - Added observer: AutoSaveObserver
2025-10-15 15:01:27,123 - INFO - Logging initialized at: /home/dsilva/Midterm_Project/logs/calculator.log
2025-10-15 15:01:46,146 - ERROR - Failed to load history: 'CalculatorConfig' object has no attribute 'history_file'
2025-10-15 15:01:47,436 - WARNING - Could not load existing history: Failed to load history: 'CalculatorConfig' object has no attribute 'history_file'
2025-10-15 15:01:48,895 - INFO - Calculator initialized with configuration
2025-10-15 15:01:51,599 - INFO - Added observer: LoggingObserver
2025-10-15 15:01:55,217 - INFO - Added observer: AutoSaveObserver
2025-10-15 15:03:52,030 - INFO - Logging initialized at: /home/dsilva/Midterm_Project/logs/calculator.log
2025-10-15 15:03:52,034 - ERROR - Failed to load history: 'CalculatorConfig' object has no attribute 'history_file'
2025-10-15 15:03:52,035 - WARNING - Could not load existing history: Failed to load history: 'CalculatorConfig' object has no attribute 'history_file'
2025-10-15 15:03:52,036 - INFO - Calculator initialized with configuration
2025-10-15 15:03:52,813 - INFO - Added observer: LoggingObserver
2025-10-15 15:03:59,770 - INFO - Added observer: AutoSaveObserver
2025-10-15 15:11:10,861 - ERROR - Failed to save history: 'CalculatorConfig' object has no attribute 'history_file'
2025-10-15 15:41:06,247 - INFO - Logging initialized at: /home/dsilva/Midterm_Project/logs/calculator.log
2025-10-15 15:41:06,247 - ERROR - Failed to load history: 'CalculatorConfig' object has no attribute 'history_file'
2025-10-15 15:41:06,247 - WARNING - Could not load existing history: Failed to load history: 'CalculatorConfig' object has no attribute 'history_file'
2025-10-15 15:41:06,247 - INFO - Calculator initialized with configuration
2025-10-15 15:41:06,248 - INFO - Added observer: LoggingObserver
2025-10-15 15:41:06,248 - INFO - Added observer: AutoSaveObserver
2025-10-15 15:41:09,959 - INFO - Set operation: Addition
2025-10-15 15:41:09,962 - INFO - Calculation performed: Addition (2, 2) = 4
2025-10-15 15:41:09,965 - ERROR - Failed to save history: 'CalculatorConfig' object has no attribute 'history_file'
2025-10-15 15:41:09,965 - ERROR - Operation failed: Failed to save history: 'CalculatorConfig' object has no attribute 'history_file'
2025-10-15 15:42:33,984 - INFO - Set operation: Addition
2025-10-15 15:42:33,985 - INFO - Calculation performed: Addition (2, 2) = 4
2025-10-15 15:42:33,986 - ERROR - Failed to save history: 'CalculatorConfig' object has no attribute 'history_file'
2025-10-15 15:42:33,986 - ERROR - Operation failed: Failed to save history: 'CalculatorConfig' object has no attribute 'history_file'
2025-10-15 15:44:22,755 - ERROR - Failed to save history: 'CalculatorConfig' object has no attribute 'history_file'
2025-10-15 15:44:33,804 - INFO - Logging initialized at: /home/dsilva/Midterm_Project/logs/calculator.log
2025-10-15 15:44:33,804 - INFO - No history file found - starting with empty history
2025-10-15 15:44:33,805 - INFO - Calculator initialized with configuration
2025-10-15 15:44:33,805 - INFO - Added observer: LoggingObserver
2025-10-15 15:44:33,805 - INFO - Added observer: AutoSaveObserver
2025-10-15 15:44:37,111 - INFO - Set operation: Addition
2025-10-15 15:44:37,111 - INFO - Calculation performed: Addition (2, 2) = 4
2025-10-15 15:44:37,120 - INFO - History saved successfully to /home/dsilva/Midterm_Project/history/calculator_history.csv
2025-10-15 15:44:37,121 - INFO - History auto-saved
2025-10-15 15:45:15,745 - INFO - History saved successfully to /home/dsilva/Midterm_Project/history/calculator_history.csv
2025-10-15 15:45:25,263 - INFO - Logging initialized at: /home/dsilva/Midterm_Project/logs/calculator.log
2025-10-15 15:45:25,282 - INFO - Loaded 1 calculations from history
2025-10-15 15:45:25,282 - INFO - Calculator initialized with configuration
2025-10-15 15:45:25,282 - INFO - Added observer: LoggingObserver
2025-10-15 15:45:25,282 - INFO - Added observer: AutoSaveObserver
2025-10-15 15:45:43,797 - INFO - Set operation: Root
2025-10-15 15:45:43,798 - INFO - Calculation performed: Root (144, 2) = 12
2025-10-15 15:45:43,802 - INFO - History saved successfully to /home/dsilva/Midterm_Project/history/calculator_history.csv
2025-10-15 15:45:43,802 - INFO - History auto-saved
2025-10-15 15:45:59,937 - INFO - Set operation: Power
2025-10-15 15:45:59,939 - INFO - Calculation performed: Power (1E+1, 2) = 100
2025-10-15 15:45:59,941 - INFO - History saved successfully to /home/dsilva/Midterm_Project/history/calculator_history.csv
2025-10-15 15:45:59,941 - INFO - History auto-saved
2025-10-15 15:46:12,770 - INFO - History saved successfully to /home/dsilva/Midterm_Project/history/calculator_history.csv
2025-10-15 15:46:24,455 - INFO - Logging initialized at: /home/dsilva/Midterm_Project/logs/calculator.log
2025-10-15 15:46:24,459 - INFO - Loaded 3 calculations from history
2025-10-15 15:46:24,459 - INFO - Calculator initialized with configuration
2025-10-15 15:46:24,459 - INFO - Added observer: LoggingObserver
2025-10-15 15:46:24,459 - INFO - Added observer: AutoSaveObserver
2025-10-15 17:02:56,696 - INFO - Logging initialized at: /home/dsilva/Midterm_Project/logs/calculator.log
2025-10-15 17:02:56,699 - INFO - Calculator initialized with configuration
2025-10-15 17:02:56,757 - INFO - Logging initialized at: /home/dsilva/Midterm_Project/logs/calculator.log
2025-10-15 17:02:56,760 - INFO - Loaded 3 calculations from history
2025-10-15 17:02:56,761 - INFO - Calculator initialized with configuration
2025-10-15 17:02:56,761 - INFO - Added observer: LoggingObserver
2025-10-15 17:02:56,761 - INFO - Added observer: AutoSaveObserver
2025-10-15 17:02:56,766 - INFO - Logging initialized at: /home/dsilva/Midterm_Project/logs/calculator.log
2025-10-15 17:02:56,770 - INFO - Loaded 3 calculations from history
2025-10-15 17:02:56,770 - INFO - Calculator initialized with configuration
2025-10-15 17:02:56,770 - INFO - Added observer: LoggingObserver
2025-10-15 17:02:56,770 - INFO - Added observer: AutoSaveObserver
2025-10-15 17:02:56,780 - INFO - History saved successfully to /home/dsilva/Midterm_Project/history/calculator_history.csv
2025-10-15 17:02:56,789 - INFO - Logging initialized at: /home/dsilva/Midterm_Project/logs/calculator.log
2025-10-15 17:02:56,793 - INFO - Loaded 3 calculations from history
2025-10-15 17:02:56,794 - INFO - Calculator initialized with configuration
2025-10-15 17:02:56,794 - INFO - Added observer: LoggingObserver
2025-10-15 17:02:56,794 - INFO - Added observer: AutoSaveObserver
2025-10-15 17:02:56,794 - INFO - Set operation: Addition
2025-10-15 17:02:56,795 - INFO - Calculation performed: Addition (2, 3) = 5
2025-10-15 17:02:56,797 - INFO - History saved successfully to /home/dsilva/Midterm_Project/history/calculator_history.csv
2025-10-15 17:02:56,797 - INFO - History auto-saved
2025-10-15 17:02:56,801 - INFO - History saved successfully to /home/dsilva/Midterm_Project/history/calculator_history.csv
2025-10-15 17:02:56,815 - INFO - Logging initialized at: /home/dsilva/Midterm_Project/logs/calculator.log
2025-10-15 17:02:56,822 - INFO - Loaded 4 calculations from history
2025-10-15 17:02:56,823 - INFO - Calculator initialized with configuration
2025-10-15 17:02:56,823 - INFO - Added observer: LoggingObserver
2025-10-15 17:02:56,823 - INFO - Added observer: AutoSaveObserver
2025-10-15 17:06:05,055 - INFO - Logging initialized at: /home/dsilva/Midterm_Project/logs/calculator.log
2025-10-15 17:06:05,056 - INFO - Calculator initialized with configuration
2025-10-15 17:06:05,103 - INFO - Logging initialized at: /home/dsilva/Midterm_Project/logs/calculator.log
2025-10-15 17:06:05,110 - INFO - Loaded 4 calculations from history
2025-10-15 17:06:05,110 - INFO - Calculator initialized with configuration
2025-10-15 17:06:05,111 - INFO - Added observer: LoggingObserver
2025-10-15 17:06:05,111 - INFO - Added observer: AutoSaveObserver
2025-10-15 17:06:05,116 - INFO - Logging initialized at: /home/dsilva/Midterm_Project/logs/calculator.log
2025-10-15 17:06:05,120 - INFO - Loaded 4 calculations from history
2025-10-15 17:06:05,120 - INFO - Calculator initialized with configuration
2025-10-15 17:06:05,121 - INFO - Added observer: LoggingObserver
2025-10-15 17:06:05,121 - INFO - Added observer: AutoSaveObserver
2025-10-15 17:06:05,128 - INFO - History saved successfully to /home/dsilva/Midterm_Project/history/calculator_history.csv
2025-10-15 17:06:05,133 - INFO - Logging initialized at: /home/dsilva/Midterm_Project/logs/calculator.log
2025-10-15 17:06:05,136 - INFO - Loaded 4 calculations from history
2025-10-15 17:06:05,137 - INFO - Calculator initialized with configuration
2025-10-15 17:06:05,137 - INFO - Added observer: LoggingObserver
2025-10-15 17:06:05,137 - INFO - Added observer: AutoSaveObserver
2025-10-15 17:06:05,138 - INFO - Set operation: Addition
2025-10-15 17:06:05,138 - INFO - Calculation performed: Addition (2, 3) = 5
2025-10-15 17:06:05,143 - INFO - History saved successfully to /home/dsilva/Midterm_Project/history/calculator_history.csv
2025-10-15 17:06:05,144 - INFO - History auto-saved
2025-10-15 17:06:05,147 - INFO - History saved successfully to /home/dsilva/Midterm_Project/history/calculator_history.csv
2025-10-15 17:06:05,165 - INFO - Logging initialized at: /home/dsilva/Midterm_Project/logs/calculator.log
2025-10-15 17:06:05,169 - INFO - Loaded 5 calculations from history
2025-10-15 17:06:05,169 - INFO - Calculator initialized with configuration
2025-10-15 17:06:05,169 - INFO - Added observer: LoggingObserver
2025-10-15 17:06:05,169 - INFO - Added observer: AutoSaveObserver
2025-10-15 17:09:00,408 - INFO - Logging initialized at: /home/dsilva/Midterm_Project/logs/calculator.log
2025-10-15 17:09:00,409 - INFO - Calculator initialized with configuration
2025-10-15 17:09:00,452 - INFO - Logging initialized at: /home/dsilva/Midterm_Project/logs/calculator.log
2025-10-15 17:09:00,458 - INFO - Loaded 5 calculations from history
2025-10-15 17:09:00,459 - INFO - Calculator initialized with configuration
2025-10-15 17:09:00,459 - INFO - Added observer: LoggingObserver
2025-10-15 17:09:00,459 - INFO - Added observer: AutoSaveObserver
2025-10-15 17:09:00,466 - INFO - Logging initialized at: /home/dsilva/Midterm_Project/logs/calculator.log
2025-10-15 17:09:00,469 - INFO - Loaded 5 calculations from history
2025-10-15 17:09:00,469 - INFO - Calculator initialized with configuration
2025-10-15 17:09:00,470 - INFO - Added observer: LoggingObserver
2025-10-15 17:09:00,470 - INFO - Added observer: AutoSaveObserver
2025-10-15 17:09:00,476 - INFO - History saved successfully to /home/dsilva/Midterm_Project/history/calculator_history.csv
2025-10-15 17:09:00,482 - INFO - Logging initialized at: /home/dsilva/Midterm_Project/logs/calculator.log
2025-10-15 17:09:00,486 - INFO - Loaded 5 calculations from history
2025-10-15 17:09:00,487 - INFO - Calculator initialized with configuration
2025-10-15 17:09:00,487 - INFO - Added observer: LoggingObserver
2025-10-15 17:09:00,487 - INFO - Added observer: AutoSaveObserver
2025-10-15 17:09:00,487 - INFO - Set operation: Addition
2025-10-15 17:09:00,487 - INFO - Calculation performed: Addition (2, 3) = 5
2025-10-15 17:09:00,490 - INFO - History saved successfully to /home/dsilva/Midterm_Project/history/calculator_history.csv
2025-10-15 17:09:00,490 - INFO - History auto-saved
2025-10-15 17:09:00,496 - INFO - History saved successfully to /home/dsilva/Midterm_Project/history/calculator_history.csv
2025-10-15 17:09:00,507 - INFO - Logging initialized at: /home/dsilva/Midterm_Project/logs/calculator.log
2025-10-15 17:09:00,515 - INFO - Loaded 6 calculations from history
2025-10-15 17:09:00,515 - INFO - Calculator initialized with configuration
2025-10-15 17:09:00,516 - INFO - Added observer: LoggingObserver
2025-10-15 17:09:00,516 - INFO - Added observer: AutoSaveObserver
2025-10-15 17:13:13,427 - INFO - Logging initialized at: /home/dsilva/Midterm_Project/logs/calculator.log
2025-10-15 17:13:13,428 - INFO - Calculator initialized with configuration
2025-10-15 17:13:13,491 - INFO - Logging initialized at: /home/dsilva/Midterm_Project/logs/calculator.log
2025-10-15 17:13:13,498 - INFO - Loaded 6 calculations from history
2025-10-15 17:13:13,498 - INFO - Calculator initialized with configuration
2025-10-15 17:13:13,498 - INFO - Added observer: LoggingObserver
2025-10-15 17:13:13,498 - INFO - Added observer: AutoSaveObserver
2025-10-15 17:13:13,502 - INFO - Logging initialized at: /home/dsilva/Midterm_Project/logs/calculator.log
2025-10-15 17:13:13,509 - INFO - Loaded 6 calculations from history
2025-10-15 17:13:13,509 - INFO - Calculator initialized with configuration
2025-10-15 17:13:13,509 - INFO - Added observer: LoggingObserver
2025-10-15 17:13:13,510 - INFO - Added observer: AutoSaveObserver
2025-10-15 17:13:13,516 - INFO - History saved successfully to /home/dsilva/Midterm_Project/history/calculator_history.csv
2025-10-15 17:13:13,519 - INFO - Logging initialized at: /home/dsilva/Midterm_Project/logs/calculator.log
2025-10-15 17:13:13,525 - INFO - Loaded 6 calculations from history
2025-10-15 17:13:13,526 - INFO - Calculator initialized with configuration
2025-10-15 17:13:13,526 - INFO - Added observer: LoggingObserver
2025-10-15 17:13:13,526 - INFO - Added observer: AutoSaveObserver
2025-10-15 17:13:13,527 - INFO - Set operation: Addition
2025-10-15 17:13:13,528 - INFO - Calculation performed: Addition (2, 3) = 5
2025-10-15 17:13:13,531 - INFO - History saved successfully to /home/dsilva/Midterm_Project/history/calculator_history.csv
2025-10-15 17:13:13,531 - INFO - History auto-saved
2025-10-15 17:13:13,534 - INFO - History saved successfully to /home/dsilva/Midterm_Project/history/calculator_history.csv
2025-10-15 17:13:13,610 - INFO - Logging initialized at: /home/dsilva/Midterm_Project/logs/calculator.log
2025-10-15 17:13:13,617 - INFO - Loaded 7 calculations from history
2025-10-15 17:13:13,617 - INFO - Calculator initialized with configuration
2025-10-15 17:13:13,618 - INFO - Added observer: LoggingObserver
2025-10-15 17:13:13,618 - INFO - Added observer: AutoSaveObserver
2025-10-15 17:14:02,012 - INFO - Logging initialized at: /home/dsilva/Midterm_Project/logs/calculator.log
2025-10-15 17:14:02,013 - INFO - Calculator initialized with configuration
2025-10-15 17:14:02,063 - INFO - Logging initialized at: /home/dsilva/Midterm_Project/logs/calculator.log
2025-10-15 17:14:02,069 - INFO - Loaded 7 calculations from history
2025-10-15 17:14:02,070 - INFO - Calculator initialized with configuration
2025-10-15 17:14:02,070 - INFO - Added observer: LoggingObserver
2025-10-15 17:14:02,070 - INFO - Added observer: AutoSaveObserver
2025-10-15 17:14:02,074 - INFO - Logging initialized at: /home/dsilva/Midterm_Project/logs/calculator.log
2025-10-15 17:14:02,084 - INFO - Loaded 7 calculations from history
2025-10-15 17:14:02,085 - INFO - Calculator initialized with configuration
2025-10-15 17:14:02,085 - INFO - Added observer: LoggingObserver
2025-10-15 17:14:02,085 - INFO - Added observer: AutoSaveObserver
2025-10-15 17:14:02,090 - INFO - History saved successfully to /home/dsilva/Midterm_Project/history/calculator_history.csv
2025-10-15 17:14:02,096 - INFO - Logging initialized at: /home/dsilva/Midterm_Project/logs/calculator.log
2025-10-15 17:14:02,105 - INFO - Loaded 7 calculations from history
2025-10-15 17:14:02,105 - INFO - Calculator initialized with configuration
2025-10-15 17:14:02,106 - INFO - Added observer: LoggingObserver
2025-10-15 17:14:02,106 - INFO - Added observer: AutoSaveObserver
2025-10-15 17:14:02,106 - INFO - Set operation: Addition
2025-10-15 17:14:02,106 - INFO - Calculation performed: Addition (2, 3) = 5
2025-10-15 17:14:02,109 - INFO - History saved successfully to /home/dsilva/Midterm_Project/history/calculator_history.csv
2025-10-15 17:14:02,109 - INFO - History auto-saved
2025-10-15 17:14:02,111 - INFO - History saved successfully to /home/dsilva/Midterm_Project/history/calculator_history.csv
2025-10-15 17:14:02,127 - INFO - Logging initialized at: /home/dsilva/Midterm_Project/logs/calculator.log
2025-10-15 17:14:02,133 - INFO - Loaded 8 calculations from history
2025-10-15 17:14:02,133 - INFO - Calculator initialized with configuration
2025-10-15 17:14:02,133 - INFO - Added observer: LoggingObserver
2025-10-15 17:14:02,134 - INFO - Added observer: AutoSaveObserver
2025-10-15 17:18:56,923 - INFO - Logging initialized at: /home/dsilva/Midterm_Project/logs/calculator.log
2025-10-15 17:18:56,924 - INFO - Calculator initialized with configuration
2025-10-15 17:18:56,979 - INFO - Logging initialized at: /home/dsilva/Midterm_Project/logs/calculator.log
2025-10-15 17:18:56,990 - INFO - Loaded 8 calculations from history
2025-10-15 17:18:56,990 - INFO - Calculator initialized with configuration
2025-10-15 17:18:56,990 - INFO - Added observer: LoggingObserver
2025-10-15 17:18:56,990 - INFO - Added observer: AutoSaveObserver
2025-10-15 17:18:56,994 - INFO - Logging initialized at: /home/dsilva/Midterm_Project/logs/calculator.log
2025-10-15 17:18:57,000 - INFO - Loaded 8 calculations from history
2025-10-15 17:18:57,001 - INFO - Calculator initialized with configuration
2025-10-15 17:18:57,002 - INFO - Added observer: LoggingObserver
2025-10-15 17:18:57,002 - INFO - Added observer: AutoSaveObserver
2025-10-15 17:18:57,012 - INFO - History saved successfully to /home/dsilva/Midterm_Project/history/calculator_history.csv
2025-10-15 17:18:57,019 - INFO - Logging initialized at: /home/dsilva/Midterm_Project/logs/calculator.log
2025-10-15 17:18:57,026 - INFO - Loaded 8 calculations from history
2025-10-15 17:18:57,027 - INFO - Calculator initialized with configuration
2025-10-15 17:18:57,027 - INFO - Added observer: LoggingObserver
2025-10-15 17:18:57,027 - INFO - Added observer: AutoSaveObserver
2025-10-15 17:18:57,028 - INFO - Set operation: Addition
2025-10-15 17:18:57,028 - INFO - Calculation performed: Addition (2, 3) = 5
2025-10-15 17:18:57,034 - INFO - History saved successfully to /home/dsilva/Midterm_Project/history/calculator_history.csv
2025-10-15 17:18:57,035 - INFO - History auto-saved
2025-10-15 17:18:57,042 - INFO - History saved successfully to /home/dsilva/Midterm_Project/history/calculator_history.csv
2025-10-15 17:18:57,071 - INFO - Logging initialized at: /home/dsilva/Midterm_Project/logs/calculator.log
2025-10-15 17:18:57,080 - INFO - Loaded 9 calculations from history
2025-10-15 17:18:57,080 - INFO - Calculator initialized with configuration
2025-10-15 17:18:57,080 - INFO - Added observer: LoggingObserver
2025-10-15 17:18:57,080 - INFO - Added observer: AutoSaveObserver
2025-10-15 17:22:06,878 - INFO - Logging initialized at: /home/dsilva/Midterm_Project/logs/calculator.log
2025-10-15 17:22:06,879 - INFO - Calculator initialized with configuration
2025-10-15 17:22:06,928 - INFO - Logging initialized at: /home/dsilva/Midterm_Project/logs/calculator.log
2025-10-15 17:22:06,932 - INFO - Loaded 9 calculations from history
2025-10-15 17:22:06,932 - INFO - Calculator initialized with configuration
2025-10-15 17:22:06,933 - INFO - Added observer: LoggingObserver
2025-10-15 17:22:06,933 - INFO - Added observer: AutoSaveObserver
2025-10-15 17:22:06,939 - INFO - Logging initialized at: /home/dsilva/Midterm_Project/logs/calculator.log
2025-10-15 17:22:06,945 - INFO - Loaded 9 calculations from history
2025-10-15 17:22:06,945 - INFO - Calculator initialized with configuration
2025-10-15 17:22:06,945 - INFO - Added observer: LoggingObserver
2025-10-15 17:22:06,945 - INFO - Added observer: AutoSaveObserver
2025-10-15 17:22:06,950 - INFO - History saved successfully to /home/dsilva/Midterm_Project/history/calculator_history.csv
2025-10-15 17:22:06,956 - INFO - Logging initialized at: /home/dsilva/Midterm_Project/logs/calculator.log
2025-10-15 17:22:06,964 - INFO - Loaded 9 calculations from history
2025-10-15 17:22:06,964 - INFO - Calculator initialized with configuration
2025-10-15 17:22:06,964 - INFO - Added observer: LoggingObserver
2025-10-15 17:22:06,964 - INFO - Added observer: AutoSaveObserver
2025-10-15 17:22:06,965 - INFO - Set operation: Addition
2025-10-15 17:22:06,965 - INFO - Calculation performed: Addition (2, 3) = 5
2025-10-15 17:22:06,968 - INFO - History saved successfully to /home/dsilva/Midterm_Project/history/calculator_history.csv
2025-10-15 17:22:06,968 - INFO - History auto-saved
2025-10-15 17:22:06,971 - INFO - History saved successfully to /home/dsilva/Midterm_Project/history/calculator_history.csv
2025-10-15 17:22:06,985 - INFO - Logging initialized at: /home/dsilva/Midterm_Project/logs/calculator.log
2025-10-15 17:22:06,991 - INFO - Loaded 10 calculations from history
2025-10-15 17:22:06,991 - INFO - Calculator initialized with configuration
2025-10-15 17:22:06,992 - INFO - Added observer: LoggingObserver
2025-10-15 17:22:06,992 - INFO - Added observer: AutoSaveObserver
2025-10-15 17:25:17,651 - INFO - Logging initialized at: /home/dsilva/Midterm_Project/logs/calculator.log
2025-10-15 17:25:17,652 - INFO - Calculator initialized with configuration
2025-10-15 17:25:17,701 - INFO - Logging initialized at: /home/dsilva/Midterm_Project/logs/calculator.log
2025-10-15 17:25:17,705 - INFO - Loaded 10 calculations from history
2025-10-15 17:25:17,705 - INFO - Calculator initialized with configuration
2025-10-15 17:25:17,706 - INFO - Added observer: LoggingObserver
2025-10-15 17:25:17,706 - INFO - Added observer: AutoSaveObserver
2025-10-15 17:25:17,709 - INFO - Logging initialized at: /home/dsilva/Midterm_Project/logs/calculator.log
2025-10-15 17:25:17,715 - INFO - Loaded 10 calculations from history
2025-10-15 17:25:17,716 - INFO - Calculator initialized with configuration
2025-10-15 17:25:17,716 - INFO - Added observer: LoggingObserver
2025-10-15 17:25:17,716 - INFO - Added observer: AutoSaveObserver
2025-10-15 17:25:17,722 - INFO - History saved successfully to /home/dsilva/Midterm_Project/history/calculator_history.csv
2025-10-15 17:25:17,725 - INFO - Logging initialized at: /home/dsilva/Midterm_Project/logs/calculator.log
2025-10-15 17:25:17,729 - INFO - Loaded 10 calculations from history
2025-10-15 17:25:17,729 - INFO - Calculator initialized with configuration
2025-10-15 17:25:17,729 - INFO - Added observer: LoggingObserver
2025-10-15 17:25:17,730 - INFO - Added observer: AutoSaveObserver
2025-10-15 17:25:17,731 - INFO - Set operation: Addition
2025-10-15 17:25:17,731 - INFO - Calculation performed: Addition (2, 3) = 5
2025-10-15 17:25:17,739 - INFO - History saved successfully to /home/dsilva/Midterm_Project/history/calculator_history.csv
2025-10-15 17:25:17,739 - INFO - History auto-saved
2025-10-15 17:25:17,741 - INFO - History saved successfully to /home/dsilva/Midterm_Project/history/calculator_history.csv
2025-10-15 17:25:17,752 - INFO - Logging initialized at: /home/dsilva/Midterm_Project/logs/calculator.log
2025-10-15 17:25:17,760 - INFO - Loaded 11 calculations from history
2025-10-15 17:25:17,760 - INFO - Calculator initialized with configuration
2025-10-15 17:25:17,760 - INFO - Added observer: LoggingObserver
2025-10-15 17:25:17,760 - INFO - Added observer: AutoSaveObserver
2025-10-15 17:28:33,193 - INFO - Logging initialized at: /home/dsilva/Midterm_Project/logs/calculator.log
2025-10-15 17:28:33,194 - INFO - Calculator initialized with configuration
2025-10-15 17:28:33,234 - INFO - Logging initialized at: /home/dsilva/Midterm_Project/logs/calculator.log
2025-10-15 17:28:33,238 - INFO - Loaded 11 calculations from history
2025-10-15 17:28:33,238 - INFO - Calculator initialized with configuration
2025-10-15 17:28:33,238 - INFO - Added observer: LoggingObserver
2025-10-15 17:28:33,238 - INFO - Added observer: AutoSaveObserver
2025-10-15 17:28:33,241 - INFO - Logging initialized at: /home/dsilva/Midterm_Project/logs/calculator.log
2025-10-15 17:28:33,244 - INFO - Loaded 11 calculations from history
2025-10-15 17:28:33,244 - INFO - Calculator initialized with configuration
2025-10-15 17:28:33,245 - INFO - Added observer: LoggingObserver
2025-10-15 17:28:33,245 - INFO - Added observer: AutoSaveObserver
2025-10-15 17:28:33,251 - INFO - History saved successfully to /home/dsilva/Midterm_Project/history/calculator_history.csv
2025-10-15 17:28:33,254 - INFO - Logging initialized at: /home/dsilva/Midterm_Project/logs/calculator.log
2025-10-15 17:28:33,257 - INFO - Loaded 11 calculations from history
2025-10-15 17:28:33,257 - INFO - Calculator initialized with configuration
2025-10-15 17:28:33,257 - INFO - Added observer: LoggingObserver
2025-10-15 17:28:33,257 - INFO - Added observer: AutoSaveObserver
2025-10-15 17:28:33,258 - INFO - Set operation: Addition
2025-10-15 17:28:33,258 - INFO - Calculation performed: Addition (2, 3) = 5
2025-10-15 17:28:33,260 - INFO - History saved successfully to /home/dsilva/Midterm_Project/history/calculator_history.csv
2025-10-15 17:28:33,260 - INFO - History auto-saved
2025-10-15 17:28:33,262 - INFO - History saved successfully to /home/dsilva/Midterm_Project/history/calculator_history.csv
2025-10-15 17:28:33,272 - INFO - Logging initialized at: /home/dsilva/Midterm_Project/logs/calculator.log
2025-10-15 17:28:33,275 - INFO - Loaded 12 calculations from history
2025-10-15 17:28:33,275 - INFO - Calculator initialized with configuration
2025-10-15 17:28:33,275 - INFO - Added observer: LoggingObserver
2025-10-15 17:28:33,275 - INFO - Added observer: AutoSaveObserver
2025-10-15 17:34:41,970 - INFO - Logging initialized at: /home/dsilva/Midterm_Project/logs/calculator.log
2025-10-15 17:34:41,970 - INFO - Calculator initialized with configuration
2025-10-15 17:34:42,007 - INFO - Logging initialized at: /home/dsilva/Midterm_Project/logs/calculator.log
2025-10-15 17:34:42,014 - INFO - Loaded 12 calculations from history
2025-10-15 17:34:42,014 - INFO - Calculator initialized with configuration
2025-10-15 17:34:42,014 - INFO - Added observer: LoggingObserver
2025-10-15 17:34:42,014 - INFO - Added observer: AutoSaveObserver
2025-10-15 17:34:42,020 - INFO - Logging initialized at: /home/dsilva/Midterm_Project/logs/calculator.log
2025-10-15 17:34:42,025 - INFO - Loaded 12 calculations from history
2025-10-15 17:34:42,025 - INFO - Calculator initialized with configuration
2025-10-15 17:34:42,025 - INFO - Added observer: LoggingObserver
2025-10-15 17:34:42,025 - INFO - Added observer: AutoSaveObserver
2025-10-15 17:34:42,033 - INFO - History saved successfully to /home/dsilva/Midterm_Project/history/calculator_history.csv
2025-10-15 17:34:42,036 - INFO - Logging initialized at: /home/dsilva/Midterm_Project/logs/calculator.log
2025-10-15 17:34:42,040 - INFO - Loaded 12 calculations from history
2025-10-15 17:34:42,040 - INFO - Calculator initialized with configuration
2025-10-15 17:34:42,041 - INFO - Added observer: LoggingObserver
2025-10-15 17:34:42,041 - INFO - Added observer: AutoSaveObserver
2025-10-15 17:34:42,041 - INFO - Set operation: Addition
2025-10-15 17:34:42,041 - INFO - Calculation performed: Addition (2, 3) = 5
2025-10-15 17:34:42,043 - INFO - History saved successfully to /home/dsilva/Midterm_Project/history/calculator_history.csv
2025-10-15 17:34:42,043 - INFO - History auto-saved
2025-10-15 17:34:42,045 - INFO - History saved successfully to /home/dsilva/Midterm_Project/history/calculator_history.csv
2025-10-15 17:34:42,055 - INFO - Logging initialized at: /home/dsilva/Midterm_Project/logs/calculator.log
2025-10-15 17:34:42,058 - INFO - Loaded 13 calculations from history
2025-10-15 17:34:42,058 - INFO - Calculator initialized with configuration
2025-10-15 17:34:42,058 - INFO - Added observer: LoggingObserver
2025-10-15 17:34:42,058 - INFO - Added observer: AutoSaveObserver
2025-10-16 13:31:22,620 - INFO - Logging initialized at: /home/dsilva/Midterm_Project/logs/calculator.log
2025-10-16 13:31:22,633 - INFO - Loaded 13 calculations from history
2025-10-16 13:31:22,633 - INFO - Calculator initialized with configuration
2025-10-16 13:31:22,633 - INFO - Added observer: LoggingObserver
2025-10-16 13:31:22,633 - INFO - Added observer: AutoSaveObserver
2025-10-16 13:31:26,895 - INFO - Set operation: Addition
2025-10-16 13:31:26,895 - INFO - Calculation performed: Addition (1, 1) = 2
2025-10-16 13:31:26,902 - INFO - History saved successfully to /home/dsilva/Midterm_Project/history/calculator_history.csv
2025-10-16 13:31:26,902 - INFO - History auto-saved
2025-10-16 13:31:32,665 - INFO - Set operation: Power
2025-10-16 13:31:32,665 - INFO - Calculation performed: Power (12, 2) = 144
2025-10-16 13:31:32,669 - INFO - History saved successfully to /home/dsilva/Midterm_Project/history/calculator_history.csv
2025-10-16 13:31:32,669 - INFO - History auto-saved
2025-10-16 13:31:44,523 - INFO - Set operation: Division
2025-10-16 13:31:44,523 - INFO - Calculation performed: Division (3, 2) = 1.5
2025-10-16 13:31:44,525 - INFO - History saved successfully to /home/dsilva/Midterm_Project/history/calculator_history.csv
2025-10-16 13:31:44,525 - INFO - History auto-saved
2025-10-16 13:31:58,151 - INFO - History cleared
2025-10-16 13:32:16,978 - INFO - Empty history saved
2025-10-16 13:32:26,269 - INFO - Logging initialized at: /home/dsilva/Midterm_Project/logs/calculator.log
2025-10-16 13:32:26,270 - INFO - Calculator initialized with configuration
2025-10-16 13:32:26,307 - INFO - Logging initialized at: /home/dsilva/Midterm_Project/logs/calculator.log
2025-10-16 13:32:26,311 - INFO - Loaded empty history file
2025-10-16 13:32:26,311 - INFO - Calculator initialized with configuration
2025-10-16 13:32:26,311 - INFO - Added observer: LoggingObserver
2025-10-16 13:32:26,311 - INFO - Added observer: AutoSaveObserver
2025-10-16 13:32:26,315 - INFO - Logging initialized at: /home/dsilva/Midterm_Project/logs/calculator.log
2025-10-16 13:32:26,318 - INFO - Loaded empty history file
2025-10-16 13:32:26,319 - INFO - Calculator initialized with configuration
2025-10-16 13:32:26,319 - INFO - Added observer: LoggingObserver
2025-10-16 13:32:26,319 - INFO - Added observer: AutoSaveObserver
2025-10-16 13:32:26,323 - INFO - Empty history saved
2025-10-16 13:32:26,326 - INFO - Logging initialized at: /home/dsilva/Midterm_Project/logs/calculator.log
2025-10-16 13:32:26,329 - INFO - Loaded empty history file
2025-10-16 13:32:26,329 - INFO - Calculator initialized with configuration
2025-10-16 13:32:26,329 - INFO - Added observer: LoggingObserver
2025-10-16 13:32:26,329 - INFO - Added observer: AutoSaveObserver
2025-10-16 13:32:26,330 - INFO - Set operation: Addition
2025-10-16 13:32:26,330 - INFO - Calculation performed: Addition (2, 3) = 5
2025-10-16 13:32:26,332 - INFO - History saved successfully to /home/dsilva/Midterm_Project/history/calculator_history.csv
2025-10-16 13:32:26,332 - INFO - History auto-saved
2025-10-16 13:32:26,334 - INFO - History saved successfully to /home/dsilva/Midterm_Project/history/calculator_history.csv
2025-10-16 13:32:26,344 - INFO - Logging initialized at: /home/dsilva/Midterm_Project/logs/calculator.log
2025-10-16 13:32:26,347 - INFO - Loaded 1 calculations from history
2025-10-16 13:32:26,347 - INFO - Calculator initialized with configuration
2025-10-16 13:32:26,347 - INFO - Added observer: LoggingObserver
2025-10-16 13:32:26,347 - INFO - Added observer: AutoSaveObserver
2025-10-16 13:49:41,972 - INFO - Logging initialized at: /home/dsilva/Midterm_Project/logs/calculator.log
2025-10-16 13:49:41,999 - INFO - Loaded 1 calculations from history
2025-10-16 13:49:41,999 - INFO - Calculator initialized with configuration
2025-10-16 13:49:41,999 - INFO - Added observer: LoggingObserver
2025-10-16 13:49:41,999 - INFO - Added observer: AutoSaveObserver
2025-10-16 13:50:38,307 - INFO - History saved successfully to /home/dsilva/Midterm_Project/history/calculator_history.csv
2025-10-16 14:08:54,958 - INFO - Logging initialized at: /home/dsilva/Midterm_Project/logs/calculator.log
2025-10-16 14:08:54,969 - INFO - Loaded 1 calculations from history
2025-10-16 14:08:54,969 - INFO - Calculator initialized with configuration
2025-10-16 14:08:54,969 - INFO - Added observer: LoggingObserver
2025-10-16 14:08:54,969 - INFO - Added observer: AutoSaveObserver
2025-10-16 14:09:06,976 - INFO - Set operation: Modulus
2025-10-16 14:09:06,981 - INFO - Calculation performed: Modulus (1E+1, 5) = 0
2025-10-16 14:09:06,985 - INFO - History saved successfully to /home/dsilva/Midterm_Project/history/calculator_history.csv
2025-10-16 14:09:06,985 - INFO - History auto-saved
2025-10-16 14:09:14,565 - INFO - Set operation: Modulus
2025-10-16 14:09:14,565 - INFO - Calculation performed: Modulus (1E+1, 3) = 1
2025-10-16 14:09:14,568 - INFO - History saved successfully to /home/dsilva/Midterm_Project/history/calculator_history.csv
2025-10-16 14:09:14,568 - INFO - History auto-saved
2025-10-16 14:09:30,512 - INFO - Set operation: Percentage
2025-10-16 14:09:30,513 - INFO - Calculation performed: Percentage (1E+2, 2) = 5.00E+3
2025-10-16 14:09:30,516 - INFO - History saved successfully to /home/dsilva/Midterm_Project/history/calculator_history.csv
2025-10-16 14:09:30,516 - INFO - History auto-saved
2025-10-16 14:09:39,743 - INFO - Set operation: Percentage
2025-10-16 14:09:39,744 - INFO - Calculation performed: Percentage (2, 1E+2) = 2.00
2025-10-16 14:09:39,746 - INFO - History saved successfully to /home/dsilva/Midterm_Project/history/calculator_history.csv
2025-10-16 14:09:39,746 - INFO - History auto-saved
2025-10-16 14:09:53,333 - INFO - Set operation: Percentage
2025-10-16 14:09:53,333 - INFO - Calculation performed: Percentage (6, 1E+1) = 60.0
2025-10-16 14:09:53,335 - INFO - History saved successfully to /home/dsilva/Midterm_Project/history/calculator_history.csv
2025-10-16 14:09:53,335 - INFO - History auto-saved
2025-10-16 14:10:24,226 - INFO - Set operation: Percentage
2025-10-16 14:10:24,226 - INFO - Calculation performed: Percentage (6, 2E+1) = 30.0
2025-10-16 14:10:24,228 - INFO - History saved successfully to /home/dsilva/Midterm_Project/history/calculator_history.csv
2025-10-16 14:10:24,228 - INFO - History auto-saved
2025-10-16 14:13:27,528 - INFO - History saved successfully to /home/dsilva/Midterm_Project/history/calculator_history.csv
2025-10-16 14:13:33,445 - INFO - Logging initialized at: /home/dsilva/Midterm_Project/logs/calculator.log
2025-10-16 14:13:33,453 - INFO - Loaded 7 calculations from history
2025-10-16 14:13:33,454 - INFO - Calculator initialized with configuration
2025-10-16 14:13:33,454 - INFO - Added observer: LoggingObserver
2025-10-16 14:13:33,454 - INFO - Added observer: AutoSaveObserver
2025-10-16 14:13:43,840 - INFO - Set operation: Percentage
2025-10-16 14:13:43,840 - INFO - Calculation performed: Percentage (6, 1E+1) = 60.0
2025-10-16 14:13:43,843 - INFO - History saved successfully to /home/dsilva/Midterm_Project/history/calculator_history.csv
2025-10-16 14:13:43,843 - INFO - History auto-saved
2025-10-16 14:14:02,962 - INFO - Set operation: Percentage
2025-10-16 14:14:02,963 - INFO - Calculation performed: Percentage (5, 1E+2) = 5.00
2025-10-16 14:14:02,966 - INFO - History saved successfully to /home/dsilva/Midterm_Project/history/calculator_history.csv
2025-10-16 14:14:02,966 - INFO - History auto-saved
2025-10-16 14:15:43,771 - INFO - Set operation: Percentage
2025-10-16 14:15:43,772 - INFO - Calculation performed: Percentage (2E+1, 1E+2) = 20.0
2025-10-16 14:15:43,775 - INFO - History saved successfully to /home/dsilva/Midterm_Project/history/calculator_history.csv
2025-10-16 14:15:43,775 - INFO - History auto-saved
2025-10-16 14:15:59,350 - INFO - Set operation: Percentage
2025-10-16 14:15:59,350 - INFO - Calculation performed: Percentage (5E+1, 1E+2) = 50.0
2025-10-16 14:15:59,353 - INFO - History saved successfully to /home/dsilva/Midterm_Project/history/calculator_history.csv
2025-10-16 14:15:59,353 - INFO - History auto-saved
2025-10-16 14:19:44,435 - INFO - Set operation: AbsoluteDifference
2025-10-16 14:19:44,435 - INFO - Calculation performed: AbsoluteDifference (-12, -1E+1) = 2
2025-10-16 14:19:44,439 - INFO - History saved successfully to /home/dsilva/Midterm_Project/history/calculator_history.csv
2025-10-16 14:19:44,439 - INFO - History auto-saved
2025-10-16 14:20:06,353 - INFO - Set operation: Subtraction
2025-10-16 14:20:06,353 - INFO - Calculation performed: Subtraction (-12, -1E+1) = -2
2025-10-16 14:20:06,355 - INFO - History saved successfully to /home/dsilva/Midterm_Project/history/calculator_history.csv
2025-10-16 14:20:06,356 - INFO - History auto-saved
2025-10-16 14:20:39,964 - INFO - Set operation: IntegerDivision
2025-10-16 14:20:39,964 - INFO - Calculation performed: IntegerDivision (1E+1, 3) = 3
2025-10-16 14:20:39,966 - INFO - History saved successfully to /home/dsilva/Midterm_Project/history/calculator_history.csv
2025-10-16 14:20:39,966 - INFO - History auto-saved
2025-10-16 14:20:53,251 - INFO - Set operation: Division
2025-10-16 14:20:53,251 - INFO - Calculation performed: Division (1E+1, 3) = 3.333333333333333333333333333
2025-10-16 14:20:53,253 - INFO - History saved successfully to /home/dsilva/Midterm_Project/history/calculator_history.csv
2025-10-16 14:20:53,253 - INFO - History auto-saved
2025-10-16 14:20:59,454 - INFO - History saved successfully to /home/dsilva/Midterm_Project/history/calculator_history.csv
